2020-10-30 00:53:17,200 INFO org.springframework.boot.StartupInfoLogger [main] Starting RepositoryApplication v0.4.0 on mikenimer-macbookpro.roam.corp.google.com with PID 34060 (/Users/mikenimer/Development/github/FamilyDAM/repository/target/FamilyDAM-0.4.0.jar started by mikenimer in /Users/mikenimer/Development/github/FamilyDAM)
2020-10-30 00:53:17,208 DEBUG org.springframework.boot.StartupInfoLogger [main] Running with Spring Boot v2.3.4.RELEASE, Spring v5.2.9.RELEASE
2020-10-30 00:53:17,208 INFO org.springframework.boot.SpringApplication [main] The following profiles are active: local
2020-10-30 00:53:21,630 INFO org.springframework.boot.web.embedded.jetty.JettyServletWebServerFactory [main] Server initialized with port: 9000
2020-10-30 00:53:21,679 INFO org.springframework.boot.web.servlet.context.ServletWebServerApplicationContext [main] Root WebApplicationContext: initialization completed in 4355 ms
2020-10-30 00:53:21,904 INFO com.familydam.repository.config.RepositoryConfig [main] Initialize Home Dir = /Users/mikenimer/Development/github/FamilyDAM/./familydam-repo
2020-10-30 00:53:24,945 INFO com.familydam.repository.config.WebDavConfig [main] Initializing WEBDAV server: http://<username>:<password>@localhost:9000/webdav/
2020-10-30 00:53:26,161 INFO org.springframework.boot.autoconfigure.web.servlet.WelcomePageHandlerMapping [main] Adding welcome page: class path resource [static/index.html]
2020-10-30 00:53:26,460 INFO org.springframework.boot.actuate.endpoint.web.EndpointLinksResolver [main] Exposing 2 endpoint(s) beneath base path '/actuator'
2020-10-30 00:53:27,711 INFO org.springframework.boot.web.embedded.jetty.JettyWebServer [main] Jetty started on port(s) 9000 (http/1.1) with context path '/'
2020-10-30 00:53:27,746 INFO org.springframework.boot.StartupInfoLogger [main] Started RepositoryApplication in 12.251 seconds (JVM running for 13.93)
2020-10-30 00:53:29,139 INFO org.springframework.security.web.DefaultSecurityFilterChain [qtp1175418534-24] Creating filter chain: any request, [org.springframework.security.web.context.request.async.WebAsyncManagerIntegrationFilter@41713305, org.springframework.security.web.context.SecurityContextPersistenceFilter@5092ddff, org.springframework.security.web.header.HeaderWriterFilter@55c1ffad, org.springframework.web.filter.CorsFilter@2e8debf7, org.springframework.security.web.authentication.logout.LogoutFilter@705ef80b, org.springframework.security.web.authentication.UsernamePasswordAuthenticationFilter@324bab0f, org.springframework.security.web.authentication.www.BasicAuthenticationFilter@7e54d7a0, org.springframework.security.web.savedrequest.RequestCacheAwareFilter@62a34ef5, org.springframework.security.web.servletapi.SecurityContextHolderAwareRequestFilter@74b72490, org.springframework.security.web.authentication.AnonymousAuthenticationFilter@b1d5c35, org.springframework.security.web.session.SessionManagementFilter@36e3f22, org.springframework.security.web.access.ExceptionTranslationFilter@2e539a12, org.springframework.security.web.access.intercept.FilterSecurityInterceptor@4d864c85]
2020-10-30 01:02:37,510 INFO org.springframework.boot.StartupInfoLogger [main] Starting RepositoryApplication v0.4.0 on mikenimer-macbookpro.roam.corp.google.com with PID 35686 (/Users/mikenimer/Development/github/FamilyDAM/repository/target/FamilyDAM-0.4.0.jar started by mikenimer in /Users/mikenimer/Development/github/FamilyDAM)
2020-10-30 01:02:37,520 DEBUG org.springframework.boot.StartupInfoLogger [main] Running with Spring Boot v2.3.4.RELEASE, Spring v5.2.9.RELEASE
2020-10-30 01:02:37,520 INFO org.springframework.boot.SpringApplication [main] The following profiles are active: local
2020-10-30 01:02:41,484 INFO org.springframework.boot.web.embedded.jetty.JettyServletWebServerFactory [main] Server initialized with port: 9000
2020-10-30 01:02:41,532 INFO org.springframework.boot.web.servlet.context.ServletWebServerApplicationContext [main] Root WebApplicationContext: initialization completed in 3878 ms
2020-10-30 01:02:41,714 INFO com.familydam.repository.config.RepositoryConfig [main] Initialize Home Dir = /Users/mikenimer/Development/github/FamilyDAM/./familydam-repo
2020-10-30 01:02:41,996 WARN org.apache.jackrabbit.oak.segment.file.tar.SegmentTarReader [main] Unable to load index of file data00012a.tar: File too short
2020-10-30 01:02:42,000 WARN org.apache.jackrabbit.oak.segment.file.tar.TarReader [main] Could not find a valid tar index in [data00012a.tar], recovering...
2020-10-30 01:02:43,306 INFO com.familydam.repository.config.WebDavConfig [main] Initializing WEBDAV server: http://<username>:<password>@localhost:9000/webdav/
2020-10-30 01:02:44,271 INFO org.springframework.boot.autoconfigure.web.servlet.WelcomePageHandlerMapping [main] Adding welcome page: class path resource [static/index.html]
2020-10-30 01:02:44,504 INFO org.springframework.boot.actuate.endpoint.web.EndpointLinksResolver [main] Exposing 2 endpoint(s) beneath base path '/actuator'
2020-10-30 01:02:45,154 INFO org.springframework.boot.web.embedded.jetty.JettyWebServer [main] Jetty started on port(s) 9000 (http/1.1) with context path '/'
2020-10-30 01:02:45,181 INFO org.springframework.boot.StartupInfoLogger [main] Started RepositoryApplication in 9.326 seconds (JVM running for 10.983)
2020-10-30 01:03:11,255 INFO org.springframework.security.web.DefaultSecurityFilterChain [qtp261845810-23] Creating filter chain: any request, [org.springframework.security.web.context.request.async.WebAsyncManagerIntegrationFilter@729a8940, org.springframework.security.web.context.SecurityContextPersistenceFilter@4551abf7, org.springframework.security.web.header.HeaderWriterFilter@59e4b23e, org.springframework.web.filter.CorsFilter@8c16b8a, org.springframework.security.web.authentication.logout.LogoutFilter@60988b61, org.springframework.security.web.authentication.UsernamePasswordAuthenticationFilter@25cbfd44, org.springframework.security.web.authentication.www.BasicAuthenticationFilter@56902efd, org.springframework.security.web.savedrequest.RequestCacheAwareFilter@2ac8617f, org.springframework.security.web.servletapi.SecurityContextHolderAwareRequestFilter@44ec55b, org.springframework.security.web.authentication.AnonymousAuthenticationFilter@48a2ef1, org.springframework.security.web.session.SessionManagementFilter@71c05a11, org.springframework.security.web.access.ExceptionTranslationFilter@7bd29486, org.springframework.security.web.access.intercept.FilterSecurityInterceptor@5cc90412]
2020-10-30 01:14:54,814 INFO org.springframework.boot.StartupInfoLogger [main] Starting RepositoryApplication v0.4.0 on mikenimer-macbookpro.roam.corp.google.com with PID 37039 (/Users/mikenimer/Development/github/FamilyDAM/repository/target/FamilyDAM-0.4.0.jar started by mikenimer in /Users/mikenimer/Development/github/FamilyDAM)
2020-10-30 01:14:54,824 DEBUG org.springframework.boot.StartupInfoLogger [main] Running with Spring Boot v2.3.4.RELEASE, Spring v5.2.9.RELEASE
2020-10-30 01:14:54,825 INFO org.springframework.boot.SpringApplication [main] The following profiles are active: local
2020-10-30 01:14:59,263 INFO org.springframework.boot.web.embedded.jetty.JettyServletWebServerFactory [main] Server initialized with port: 9000
2020-10-30 01:14:59,329 INFO org.springframework.boot.web.servlet.context.ServletWebServerApplicationContext [main] Root WebApplicationContext: initialization completed in 4376 ms
2020-10-30 01:14:59,672 INFO com.familydam.repository.config.RepositoryConfig [main] Initialize Home Dir = /Users/mikenimer/Development/github/FamilyDAM/./familydam-repo
2020-10-30 01:15:00,343 WARN org.apache.jackrabbit.oak.segment.file.tar.SegmentTarReader [main] Unable to load index of file data00013a.tar: File too short
2020-10-30 01:15:00,348 WARN org.apache.jackrabbit.oak.segment.file.tar.TarReader [main] Could not find a valid tar index in [data00013a.tar], recovering...
2020-10-30 01:15:03,354 INFO com.familydam.repository.config.WebDavConfig [main] Initializing WEBDAV server: http://<username>:<password>@localhost:9000/webdav/
2020-10-30 01:15:05,027 INFO org.springframework.boot.autoconfigure.web.servlet.WelcomePageHandlerMapping [main] Adding welcome page: class path resource [static/index.html]
2020-10-30 01:15:05,318 INFO org.springframework.boot.actuate.endpoint.web.EndpointLinksResolver [main] Exposing 2 endpoint(s) beneath base path '/actuator'
2020-10-30 01:15:07,198 INFO org.springframework.boot.web.embedded.jetty.JettyWebServer [main] Jetty started on port(s) 9000 (http/1.1) with context path '/'
2020-10-30 01:15:07,232 INFO org.springframework.boot.StartupInfoLogger [main] Started RepositoryApplication in 14.192 seconds (JVM running for 15.829)
2020-10-30 01:15:09,163 INFO org.springframework.security.web.DefaultSecurityFilterChain [qtp1334405552-25] Creating filter chain: any request, [org.springframework.security.web.context.request.async.WebAsyncManagerIntegrationFilter@fc61a05, org.springframework.security.web.context.SecurityContextPersistenceFilter@bbe8597, org.springframework.security.web.header.HeaderWriterFilter@5bc1219c, org.springframework.web.filter.CorsFilter@3882ac42, org.springframework.security.web.authentication.logout.LogoutFilter@34b21789, org.springframework.security.web.authentication.UsernamePasswordAuthenticationFilter@37901c7b, org.springframework.security.web.authentication.www.BasicAuthenticationFilter@19f6b648, org.springframework.security.web.savedrequest.RequestCacheAwareFilter@163195bf, org.springframework.security.web.servletapi.SecurityContextHolderAwareRequestFilter@44363101, org.springframework.security.web.authentication.AnonymousAuthenticationFilter@27057d8a, org.springframework.security.web.session.SessionManagementFilter@26b875d0, org.springframework.security.web.access.ExceptionTranslationFilter@5e88734c, org.springframework.security.web.access.intercept.FilterSecurityInterceptor@3e818671]
2020-10-30 01:17:23,047 INFO org.springframework.boot.StartupInfoLogger [main] Starting RepositoryApplication v0.4.0 on mikenimer-macbookpro.roam.corp.google.com with PID 37373 (/Users/mikenimer/Development/github/FamilyDAM/repository/target/FamilyDAM-0.4.0.jar started by mikenimer in /Users/mikenimer/Development/github/FamilyDAM)
2020-10-30 01:17:23,058 DEBUG org.springframework.boot.StartupInfoLogger [main] Running with Spring Boot v2.3.4.RELEASE, Spring v5.2.9.RELEASE
2020-10-30 01:17:23,058 INFO org.springframework.boot.SpringApplication [main] The following profiles are active: local
2020-10-30 01:17:27,119 INFO org.springframework.boot.web.embedded.jetty.JettyServletWebServerFactory [main] Server initialized with port: 9000
2020-10-30 01:17:27,165 INFO org.springframework.boot.web.servlet.context.ServletWebServerApplicationContext [main] Root WebApplicationContext: initialization completed in 3979 ms
2020-10-30 01:17:27,382 INFO com.familydam.repository.config.RepositoryConfig [main] Initialize Home Dir = /Users/mikenimer/Development/github/FamilyDAM/./familydam-repo
2020-10-30 01:17:30,319 INFO com.familydam.repository.config.WebDavConfig [main] Initializing WEBDAV server: http://<username>:<password>@localhost:9000/webdav/
2020-10-30 01:17:31,464 INFO org.springframework.boot.autoconfigure.web.servlet.WelcomePageHandlerMapping [main] Adding welcome page: class path resource [static/index.html]
2020-10-30 01:17:31,739 INFO org.springframework.boot.actuate.endpoint.web.EndpointLinksResolver [main] Exposing 2 endpoint(s) beneath base path '/actuator'
2020-10-30 01:17:32,971 INFO org.springframework.boot.web.embedded.jetty.JettyWebServer [main] Jetty started on port(s) 9000 (http/1.1) with context path '/'
2020-10-30 01:17:33,000 INFO org.springframework.boot.StartupInfoLogger [main] Started RepositoryApplication in 11.538 seconds (JVM running for 13.343)
2020-10-30 01:17:38,994 INFO org.springframework.security.web.DefaultSecurityFilterChain [qtp1267042315-23] Creating filter chain: any request, [org.springframework.security.web.context.request.async.WebAsyncManagerIntegrationFilter@a90757c, org.springframework.security.web.context.SecurityContextPersistenceFilter@75ecb553, org.springframework.security.web.header.HeaderWriterFilter@63ac694, org.springframework.web.filter.CorsFilter@66007662, org.springframework.security.web.authentication.logout.LogoutFilter@2b94139b, org.springframework.security.web.authentication.UsernamePasswordAuthenticationFilter@30dee32, org.springframework.security.web.authentication.www.BasicAuthenticationFilter@345cfb97, org.springframework.security.web.savedrequest.RequestCacheAwareFilter@14ba2761, org.springframework.security.web.servletapi.SecurityContextHolderAwareRequestFilter@6330a02c, org.springframework.security.web.authentication.AnonymousAuthenticationFilter@725a3b75, org.springframework.security.web.session.SessionManagementFilter@50844618, org.springframework.security.web.access.ExceptionTranslationFilter@356a9bb4, org.springframework.security.web.access.intercept.FilterSecurityInterceptor@55ccf064]
2020-10-30 01:22:35,794 INFO org.springframework.boot.StartupInfoLogger [main] Starting RepositoryApplication v0.4.0 on mikenimer-macbookpro.roam.corp.google.com with PID 38178 (/Users/mikenimer/Development/github/FamilyDAM/repository/target/FamilyDAM-0.4.0.jar started by mikenimer in /Users/mikenimer/Development/github/FamilyDAM)
2020-10-30 01:22:35,802 DEBUG org.springframework.boot.StartupInfoLogger [main] Running with Spring Boot v2.3.4.RELEASE, Spring v5.2.9.RELEASE
2020-10-30 01:22:35,803 INFO org.springframework.boot.SpringApplication [main] The following profiles are active: local
2020-10-30 01:22:39,949 INFO org.springframework.boot.web.embedded.jetty.JettyServletWebServerFactory [main] Server initialized with port: 9000
2020-10-30 01:22:40,018 INFO org.springframework.boot.web.servlet.context.ServletWebServerApplicationContext [main] Root WebApplicationContext: initialization completed in 4065 ms
2020-10-30 01:22:40,238 INFO com.familydam.repository.config.RepositoryConfig [main] Initialize Home Dir = /Users/mikenimer/Development/github/FamilyDAM/./familydam-repo
2020-10-30 01:22:40,841 WARN org.apache.jackrabbit.oak.segment.file.tar.SegmentTarReader [main] Unable to load index of file data00015a.tar: File too short
2020-10-30 01:22:40,846 WARN org.apache.jackrabbit.oak.segment.file.tar.TarReader [main] Could not find a valid tar index in [data00015a.tar], recovering...
2020-10-30 01:22:43,541 INFO com.familydam.repository.config.WebDavConfig [main] Initializing WEBDAV server: http://<username>:<password>@localhost:9000/webdav/
2020-10-30 01:22:44,915 INFO org.springframework.boot.autoconfigure.web.servlet.WelcomePageHandlerMapping [main] Adding welcome page: class path resource [static/index.html]
2020-10-30 01:22:45,235 INFO org.springframework.boot.actuate.endpoint.web.EndpointLinksResolver [main] Exposing 2 endpoint(s) beneath base path '/actuator'
2020-10-30 01:22:46,517 INFO org.springframework.boot.web.embedded.jetty.JettyWebServer [main] Jetty started on port(s) 9000 (http/1.1) with context path '/'
2020-10-30 01:22:46,546 INFO org.springframework.boot.StartupInfoLogger [main] Started RepositoryApplication in 12.434 seconds (JVM running for 13.813)
2020-10-30 01:22:50,474 INFO org.springframework.security.web.DefaultSecurityFilterChain [qtp145066402-40] Creating filter chain: any request, [org.springframework.security.web.context.request.async.WebAsyncManagerIntegrationFilter@3eb4fc9d, org.springframework.security.web.context.SecurityContextPersistenceFilter@66d02a5b, org.springframework.security.web.header.HeaderWriterFilter@533c774, org.springframework.web.filter.CorsFilter@3b66ef1f, org.springframework.security.web.authentication.logout.LogoutFilter@5f458d31, org.springframework.security.web.authentication.UsernamePasswordAuthenticationFilter@5e0b7b97, org.springframework.security.web.authentication.www.BasicAuthenticationFilter@2725fe45, org.springframework.security.web.savedrequest.RequestCacheAwareFilter@6ab1a739, org.springframework.security.web.servletapi.SecurityContextHolderAwareRequestFilter@7f0ee310, org.springframework.security.web.authentication.AnonymousAuthenticationFilter@1f64a0e5, org.springframework.security.web.session.SessionManagementFilter@27ec5663, org.springframework.security.web.access.ExceptionTranslationFilter@43593e6b, org.springframework.security.web.access.intercept.FilterSecurityInterceptor@7cfabc75]
