2021-01-05 00:03:55,866 INFO org.springframework.boot.StartupInfoLogger [main] Starting RepositoryApplication on mikenimer-macbookpro.roam.corp.google.com with PID 44647 (/Users/mikenimer/Development/github/FamilyDAM/repository/target/classes started by mikenimer in /Users/mikenimer/Development/github/FamilyDAM)
2021-01-05 00:03:55,873 DEBUG org.springframework.boot.StartupInfoLogger [main] Running with Spring Boot v2.3.4.RELEASE, Spring v5.2.9.RELEASE
2021-01-05 00:03:55,874 INFO org.springframework.boot.SpringApplication [main] The following profiles are active: local
2021-01-05 00:03:58,266 INFO org.springframework.boot.web.embedded.jetty.JettyServletWebServerFactory [main] Server initialized with port: 9000
2021-01-05 00:03:58,349 INFO org.springframework.boot.web.servlet.context.ServletWebServerApplicationContext [main] Root WebApplicationContext: initialization completed in 2340 ms
2021-01-05 00:03:58,425 INFO com.familydam.repository.config.RepositoryConfig [main] Initialize Home Dir = /Users/mikenimer/Development/github/FamilyDAM/./familydam-repo
2021-01-05 00:03:59,179 INFO com.familydam.repository.config.WebDavConfig [main] Initializing WEBDAV server: http://<username>:<password>@localhost:9000/webdav/
2021-01-05 00:04:04,776 INFO org.springframework.boot.autoconfigure.web.servlet.WelcomePageHandlerMapping [main] Adding welcome page: class path resource [static/index.html]
2021-01-05 00:04:04,918 INFO org.springframework.boot.actuate.endpoint.web.EndpointLinksResolver [main] Exposing 2 endpoint(s) beneath base path '/actuator'
2021-01-05 00:04:05,078 INFO org.springframework.boot.web.embedded.jetty.JettyWebServer [main] Jetty started on port(s) 9000 (http/1.1) with context path '/'
2021-01-05 00:04:05,097 INFO org.springframework.boot.StartupInfoLogger [main] Started RepositoryApplication in 10.409 seconds (JVM running for 11.529)
2021-01-05 00:04:11,479 INFO org.springframework.security.web.DefaultSecurityFilterChain [qtp316731851-25] Creating filter chain: any request, [org.springframework.security.web.context.request.async.WebAsyncManagerIntegrationFilter@6b26a80e, org.springframework.security.web.context.SecurityContextPersistenceFilter@504a2a7e, org.springframework.security.web.header.HeaderWriterFilter@f111a0c, org.springframework.web.filter.CorsFilter@2ef68605, org.springframework.security.web.authentication.logout.LogoutFilter@4b2177e9, org.springframework.security.web.authentication.UsernamePasswordAuthenticationFilter@5f00f041, org.springframework.security.web.authentication.www.BasicAuthenticationFilter@7e94c7eb, org.springframework.security.web.savedrequest.RequestCacheAwareFilter@81cb6b5, org.springframework.security.web.servletapi.SecurityContextHolderAwareRequestFilter@386ea9ea, org.springframework.security.web.authentication.AnonymousAuthenticationFilter@74b1ce6e, org.springframework.security.web.session.SessionManagementFilter@52d3785d, org.springframework.security.web.access.ExceptionTranslationFilter@9a77302, org.springframework.security.web.access.intercept.FilterSecurityInterceptor@24a22dae]
2021-01-05 00:06:00,187 INFO org.springframework.boot.StartupInfoLogger [main] Starting RepositoryApplication on mikenimer-macbookpro.roam.corp.google.com with PID 45018 (/Users/mikenimer/Development/github/FamilyDAM/repository/target/classes started by mikenimer in /Users/mikenimer/Development/github/FamilyDAM)
2021-01-05 00:06:00,191 DEBUG org.springframework.boot.StartupInfoLogger [main] Running with Spring Boot v2.3.4.RELEASE, Spring v5.2.9.RELEASE
2021-01-05 00:06:00,192 INFO org.springframework.boot.SpringApplication [main] The following profiles are active: local
2021-01-05 00:06:01,820 INFO org.springframework.boot.web.embedded.jetty.JettyServletWebServerFactory [main] Server initialized with port: 9000
2021-01-05 00:06:01,880 INFO org.springframework.boot.web.servlet.context.ServletWebServerApplicationContext [main] Root WebApplicationContext: initialization completed in 1626 ms
2021-01-05 00:06:01,922 INFO com.familydam.repository.config.RepositoryConfig [main] Initialize Home Dir = /Users/mikenimer/Development/github/FamilyDAM/./familydam-repo
2021-01-05 00:06:02,003 WARN org.apache.jackrabbit.oak.segment.file.tar.SegmentTarReader [main] Unable to load index of file data00005a.tar: File too short
2021-01-05 00:06:02,005 WARN org.apache.jackrabbit.oak.segment.file.tar.TarReader [main] Could not find a valid tar index in [data00005a.tar], recovering...
2021-01-05 00:06:02,494 INFO com.familydam.repository.config.WebDavConfig [main] Initializing WEBDAV server: http://<username>:<password>@localhost:9000/webdav/
2021-01-05 00:06:02,848 INFO org.springframework.boot.autoconfigure.web.servlet.WelcomePageHandlerMapping [main] Adding welcome page: class path resource [static/index.html]
2021-01-05 00:06:02,987 INFO org.springframework.boot.actuate.endpoint.web.EndpointLinksResolver [main] Exposing 2 endpoint(s) beneath base path '/actuator'
2021-01-05 00:06:03,112 INFO org.springframework.boot.web.embedded.jetty.JettyWebServer [main] Jetty started on port(s) 9000 (http/1.1) with context path '/'
2021-01-05 00:06:03,128 INFO org.springframework.boot.StartupInfoLogger [main] Started RepositoryApplication in 3.68 seconds (JVM running for 4.44)
2021-01-05 00:06:20,693 INFO org.springframework.security.web.DefaultSecurityFilterChain [qtp709841971-24] Creating filter chain: any request, [org.springframework.security.web.context.request.async.WebAsyncManagerIntegrationFilter@7c646842, org.springframework.security.web.context.SecurityContextPersistenceFilter@51200e23, org.springframework.security.web.header.HeaderWriterFilter@52609c41, org.springframework.web.filter.CorsFilter@478bce47, org.springframework.security.web.authentication.logout.LogoutFilter@6a6c0662, org.springframework.security.web.authentication.UsernamePasswordAuthenticationFilter@335c8657, org.springframework.security.web.authentication.www.BasicAuthenticationFilter@723f827f, org.springframework.security.web.savedrequest.RequestCacheAwareFilter@26b50b74, org.springframework.security.web.servletapi.SecurityContextHolderAwareRequestFilter@7a8b0a1c, org.springframework.security.web.authentication.AnonymousAuthenticationFilter@7af1e5ab, org.springframework.security.web.session.SessionManagementFilter@7a27e53, org.springframework.security.web.access.ExceptionTranslationFilter@464aece1, org.springframework.security.web.access.intercept.FilterSecurityInterceptor@4855e4d1]
2021-01-05 00:08:40,566 INFO org.springframework.boot.StartupInfoLogger [main] Starting RepositoryApplication on mikenimer-macbookpro.roam.corp.google.com with PID 45436 (/Users/mikenimer/Development/github/FamilyDAM/repository/target/classes started by mikenimer in /Users/mikenimer/Development/github/FamilyDAM)
2021-01-05 00:08:40,570 DEBUG org.springframework.boot.StartupInfoLogger [main] Running with Spring Boot v2.3.4.RELEASE, Spring v5.2.9.RELEASE
2021-01-05 00:08:40,571 INFO org.springframework.boot.SpringApplication [main] The following profiles are active: local
2021-01-05 00:08:42,498 INFO org.springframework.boot.web.embedded.jetty.JettyServletWebServerFactory [main] Server initialized with port: 9000
2021-01-05 00:08:42,580 INFO org.springframework.boot.web.servlet.context.ServletWebServerApplicationContext [main] Root WebApplicationContext: initialization completed in 1910 ms
2021-01-05 00:08:42,646 INFO com.familydam.repository.config.RepositoryConfig [main] Initialize Home Dir = /Users/mikenimer/Development/github/FamilyDAM/./familydam-repo
2021-01-05 00:08:43,445 INFO com.familydam.repository.config.WebDavConfig [main] Initializing WEBDAV server: http://<username>:<password>@localhost:9000/webdav/
2021-01-05 00:08:44,012 INFO org.springframework.boot.autoconfigure.web.servlet.WelcomePageHandlerMapping [main] Adding welcome page: class path resource [static/index.html]
2021-01-05 00:08:44,157 INFO org.springframework.boot.actuate.endpoint.web.EndpointLinksResolver [main] Exposing 2 endpoint(s) beneath base path '/actuator'
2021-01-05 00:08:44,338 INFO org.springframework.boot.web.embedded.jetty.JettyWebServer [main] Jetty started on port(s) 9000 (http/1.1) with context path '/'
2021-01-05 00:08:44,359 INFO org.springframework.boot.StartupInfoLogger [main] Started RepositoryApplication in 4.752 seconds (JVM running for 5.648)
2021-01-05 00:09:34,468 INFO org.springframework.security.web.DefaultSecurityFilterChain [qtp606826010-23] Creating filter chain: any request, [org.springframework.security.web.context.request.async.WebAsyncManagerIntegrationFilter@5e0779c6, org.springframework.security.web.context.SecurityContextPersistenceFilter@4b3850ca, org.springframework.security.web.header.HeaderWriterFilter@46130ff4, org.springframework.web.filter.CorsFilter@24b28455, org.springframework.security.web.authentication.logout.LogoutFilter@76c2319d, org.springframework.security.web.authentication.UsernamePasswordAuthenticationFilter@3957f390, org.springframework.security.web.authentication.www.BasicAuthenticationFilter@7149480, org.springframework.security.web.savedrequest.RequestCacheAwareFilter@79c5d005, org.springframework.security.web.servletapi.SecurityContextHolderAwareRequestFilter@227bd9ae, org.springframework.security.web.authentication.AnonymousAuthenticationFilter@6dafc8e9, org.springframework.security.web.session.SessionManagementFilter@2b745cc8, org.springframework.security.web.access.ExceptionTranslationFilter@7c71d96d, org.springframework.security.web.access.intercept.FilterSecurityInterceptor@2de9c332]
2021-01-05 00:11:02,512 INFO org.springframework.boot.StartupInfoLogger [main] Starting RepositoryApplication on mikenimer-macbookpro.roam.corp.google.com with PID 45779 (/Users/mikenimer/Development/github/FamilyDAM/repository/target/classes started by mikenimer in /Users/mikenimer/Development/github/FamilyDAM)
2021-01-05 00:11:02,515 DEBUG org.springframework.boot.StartupInfoLogger [main] Running with Spring Boot v2.3.4.RELEASE, Spring v5.2.9.RELEASE
2021-01-05 00:11:02,516 INFO org.springframework.boot.SpringApplication [main] The following profiles are active: local
2021-01-05 00:11:04,093 INFO org.springframework.boot.web.embedded.jetty.JettyServletWebServerFactory [main] Server initialized with port: 9000
2021-01-05 00:11:04,143 INFO org.springframework.boot.web.servlet.context.ServletWebServerApplicationContext [main] Root WebApplicationContext: initialization completed in 1539 ms
2021-01-05 00:11:04,184 INFO com.familydam.repository.config.RepositoryConfig [main] Initialize Home Dir = /Users/mikenimer/Development/github/FamilyDAM/./familydam-repo
2021-01-05 00:11:04,735 INFO com.familydam.repository.config.WebDavConfig [main] Initializing WEBDAV server: http://<username>:<password>@localhost:9000/webdav/
2021-01-05 00:11:05,114 INFO org.springframework.boot.autoconfigure.web.servlet.WelcomePageHandlerMapping [main] Adding welcome page: class path resource [static/index.html]
2021-01-05 00:11:05,224 INFO org.springframework.boot.actuate.endpoint.web.EndpointLinksResolver [main] Exposing 2 endpoint(s) beneath base path '/actuator'
2021-01-05 00:11:05,348 INFO org.springframework.boot.web.embedded.jetty.JettyWebServer [main] Jetty started on port(s) 9000 (http/1.1) with context path '/'
2021-01-05 00:11:05,366 INFO org.springframework.boot.StartupInfoLogger [main] Started RepositoryApplication in 3.455 seconds (JVM running for 4.187)
2021-01-05 00:11:14,360 INFO org.springframework.security.web.DefaultSecurityFilterChain [qtp2045143855-23] Creating filter chain: any request, [org.springframework.security.web.context.request.async.WebAsyncManagerIntegrationFilter@19aefee9, org.springframework.security.web.context.SecurityContextPersistenceFilter@2afa4dac, org.springframework.security.web.header.HeaderWriterFilter@32c3fb82, org.springframework.web.filter.CorsFilter@3e97013b, org.springframework.security.web.authentication.logout.LogoutFilter@288ae8cd, org.springframework.security.web.authentication.UsernamePasswordAuthenticationFilter@614efbfe, org.springframework.security.web.authentication.www.BasicAuthenticationFilter@4ecb2dd2, org.springframework.security.web.savedrequest.RequestCacheAwareFilter@531e278e, org.springframework.security.web.servletapi.SecurityContextHolderAwareRequestFilter@9a97a8b, org.springframework.security.web.authentication.AnonymousAuthenticationFilter@64bd130, org.springframework.security.web.session.SessionManagementFilter@434af168, org.springframework.security.web.access.ExceptionTranslationFilter@2441b44a, org.springframework.security.web.access.intercept.FilterSecurityInterceptor@72c65929]
2021-01-05 00:12:21,724 INFO org.springframework.boot.StartupInfoLogger [main] Starting RepositoryApplication on mikenimer-macbookpro.roam.corp.google.com with PID 46010 (/Users/mikenimer/Development/github/FamilyDAM/repository/target/classes started by mikenimer in /Users/mikenimer/Development/github/FamilyDAM)
2021-01-05 00:12:21,734 DEBUG org.springframework.boot.StartupInfoLogger [main] Running with Spring Boot v2.3.4.RELEASE, Spring v5.2.9.RELEASE
2021-01-05 00:12:21,734 INFO org.springframework.boot.SpringApplication [main] The following profiles are active: local
2021-01-05 00:12:23,458 INFO org.springframework.boot.web.embedded.jetty.JettyServletWebServerFactory [main] Server initialized with port: 9000
2021-01-05 00:12:23,519 INFO org.springframework.boot.web.servlet.context.ServletWebServerApplicationContext [main] Root WebApplicationContext: initialization completed in 1672 ms
2021-01-05 00:12:23,567 INFO com.familydam.repository.config.RepositoryConfig [main] Initialize Home Dir = /Users/mikenimer/Development/github/FamilyDAM/./familydam-repo
2021-01-05 00:12:24,071 INFO com.familydam.repository.config.WebDavConfig [main] Initializing WEBDAV server: http://<username>:<password>@localhost:9000/webdav/
2021-01-05 00:12:24,412 INFO org.springframework.boot.autoconfigure.web.servlet.WelcomePageHandlerMapping [main] Adding welcome page: class path resource [static/index.html]
2021-01-05 00:12:24,571 INFO org.springframework.boot.actuate.endpoint.web.EndpointLinksResolver [main] Exposing 2 endpoint(s) beneath base path '/actuator'
2021-01-05 00:12:24,714 INFO org.springframework.boot.web.embedded.jetty.JettyWebServer [main] Jetty started on port(s) 9000 (http/1.1) with context path '/'
2021-01-05 00:12:24,730 INFO org.springframework.boot.StartupInfoLogger [main] Started RepositoryApplication in 3.593 seconds (JVM running for 4.291)
2021-01-05 00:12:31,212 INFO org.springframework.security.web.DefaultSecurityFilterChain [qtp530528285-19] Creating filter chain: any request, [org.springframework.security.web.context.request.async.WebAsyncManagerIntegrationFilter@16bf404e, org.springframework.security.web.context.SecurityContextPersistenceFilter@1ab34c95, org.springframework.security.web.header.HeaderWriterFilter@5d2f816, org.springframework.web.filter.CorsFilter@59728f1c, org.springframework.security.web.authentication.logout.LogoutFilter@26efb0e8, org.springframework.security.web.authentication.UsernamePasswordAuthenticationFilter@6ebb505f, org.springframework.security.web.authentication.www.BasicAuthenticationFilter@31a7a3f2, org.springframework.security.web.savedrequest.RequestCacheAwareFilter@44c4eadc, org.springframework.security.web.servletapi.SecurityContextHolderAwareRequestFilter@480e1c89, org.springframework.security.web.authentication.AnonymousAuthenticationFilter@c7990dd, org.springframework.security.web.session.SessionManagementFilter@70acf0fb, org.springframework.security.web.access.ExceptionTranslationFilter@8507828, org.springframework.security.web.access.intercept.FilterSecurityInterceptor@5319e2e4]
2021-01-05 00:15:39,003 WARN org.eclipse.jetty.server.HttpChannel [qtp530528285-77] /content/index.explorer.html
org.springframework.web.util.NestedServletException: Request processing failed; nested exception is javax.jcr.PathNotFoundException: Node with path /content/index.explorer.html does not exist.
	at org.springframework.web.servlet.FrameworkServlet.processRequest(FrameworkServlet.java:1014)
	at org.springframework.web.servlet.FrameworkServlet.doGet(FrameworkServlet.java:898)
	at javax.servlet.http.HttpServlet.service(HttpServlet.java:497)
	at org.springframework.web.servlet.FrameworkServlet.service(FrameworkServlet.java:883)
	at javax.servlet.http.HttpServlet.service(HttpServlet.java:584)
	at org.eclipse.jetty.servlet.ServletHolder.handle(ServletHolder.java:763)
	at org.eclipse.jetty.servlet.ServletHandler$CachedChain.doFilter(ServletHandler.java:1651)
	at org.eclipse.jetty.websocket.server.WebSocketUpgradeFilter.doFilter(WebSocketUpgradeFilter.java:226)
	at org.eclipse.jetty.servlet.ServletHandler$CachedChain.doFilter(ServletHandler.java:1638)
	at com.familydam.repository.filters.SystemAccountFilter.doFilter(SystemAccountFilter.java:38)
	at org.eclipse.jetty.servlet.ServletHandler$CachedChain.doFilter(ServletHandler.java:1638)
	at org.springframework.security.web.FilterChainProxy$VirtualFilterChain.doFilter(FilterChainProxy.java:320)
	at org.springframework.security.web.access.intercept.FilterSecurityInterceptor.invoke(FilterSecurityInterceptor.java:126)
	at org.springframework.security.web.access.intercept.FilterSecurityInterceptor.doFilter(FilterSecurityInterceptor.java:90)
	at org.springframework.security.web.FilterChainProxy$VirtualFilterChain.doFilter(FilterChainProxy.java:334)
	at org.springframework.security.web.access.ExceptionTranslationFilter.doFilter(ExceptionTranslationFilter.java:118)
	at org.springframework.security.web.FilterChainProxy$VirtualFilterChain.doFilter(FilterChainProxy.java:334)
	at org.springframework.security.web.session.SessionManagementFilter.doFilter(SessionManagementFilter.java:137)
	at org.springframework.security.web.FilterChainProxy$VirtualFilterChain.doFilter(FilterChainProxy.java:334)
	at org.springframework.security.web.authentication.AnonymousAuthenticationFilter.doFilter(AnonymousAuthenticationFilter.java:111)
	at org.springframework.security.web.FilterChainProxy$VirtualFilterChain.doFilter(FilterChainProxy.java:334)
	at org.springframework.security.web.servletapi.SecurityContextHolderAwareRequestFilter.doFilter(SecurityContextHolderAwareRequestFilter.java:158)
	at org.springframework.security.web.FilterChainProxy$VirtualFilterChain.doFilter(FilterChainProxy.java:334)
	at org.springframework.security.web.savedrequest.RequestCacheAwareFilter.doFilter(RequestCacheAwareFilter.java:63)
	at org.springframework.security.web.FilterChainProxy$VirtualFilterChain.doFilter(FilterChainProxy.java:334)
	at org.springframework.security.web.authentication.www.BasicAuthenticationFilter.doFilterInternal(BasicAuthenticationFilter.java:204)
	at org.springframework.web.filter.OncePerRequestFilter.doFilter(OncePerRequestFilter.java:119)
	at org.springframework.security.web.FilterChainProxy$VirtualFilterChain.doFilter(FilterChainProxy.java:334)
	at org.springframework.security.web.authentication.AbstractAuthenticationProcessingFilter.doFilter(AbstractAuthenticationProcessingFilter.java:200)
	at org.springframework.security.web.FilterChainProxy$VirtualFilterChain.doFilter(FilterChainProxy.java:334)
	at org.springframework.security.web.authentication.logout.LogoutFilter.doFilter(LogoutFilter.java:116)
	at org.springframework.security.web.FilterChainProxy$VirtualFilterChain.doFilter(FilterChainProxy.java:334)
	at org.springframework.web.filter.CorsFilter.doFilterInternal(CorsFilter.java:92)
	at org.springframework.web.filter.OncePerRequestFilter.doFilter(OncePerRequestFilter.java:119)
	at org.springframework.security.web.FilterChainProxy$VirtualFilterChain.doFilter(FilterChainProxy.java:334)
	at org.springframework.security.web.header.HeaderWriterFilter.doHeadersAfter(HeaderWriterFilter.java:92)
	at org.springframework.security.web.header.HeaderWriterFilter.doFilterInternal(HeaderWriterFilter.java:77)
	at org.springframework.web.filter.OncePerRequestFilter.doFilter(OncePerRequestFilter.java:119)
	at org.springframework.security.web.FilterChainProxy$VirtualFilterChain.doFilter(FilterChainProxy.java:334)
	at org.springframework.security.web.context.SecurityContextPersistenceFilter.doFilter(SecurityContextPersistenceFilter.java:105)
	at org.springframework.security.web.FilterChainProxy$VirtualFilterChain.doFilter(FilterChainProxy.java:334)
	at org.springframework.security.web.context.request.async.WebAsyncManagerIntegrationFilter.doFilterInternal(WebAsyncManagerIntegrationFilter.java:56)
	at org.springframework.web.filter.OncePerRequestFilter.doFilter(OncePerRequestFilter.java:119)
	at org.springframework.security.web.FilterChainProxy$VirtualFilterChain.doFilter(FilterChainProxy.java:334)
	at org.springframework.security.web.FilterChainProxy.doFilterInternal(FilterChainProxy.java:215)
	at org.springframework.security.web.FilterChainProxy.doFilter(FilterChainProxy.java:178)
	at org.springframework.web.filter.DelegatingFilterProxy.invokeDelegate(DelegatingFilterProxy.java:358)
	at org.springframework.web.filter.DelegatingFilterProxy.doFilter(DelegatingFilterProxy.java:271)
	at org.eclipse.jetty.servlet.ServletHandler$CachedChain.doFilter(ServletHandler.java:1638)
	at org.springframework.web.filter.RequestContextFilter.doFilterInternal(RequestContextFilter.java:100)
	at org.springframework.web.filter.OncePerRequestFilter.doFilter(OncePerRequestFilter.java:119)
	at org.eclipse.jetty.servlet.ServletHandler$CachedChain.doFilter(ServletHandler.java:1638)
	at org.springframework.web.filter.FormContentFilter.doFilterInternal(FormContentFilter.java:93)
	at org.springframework.web.filter.OncePerRequestFilter.doFilter(OncePerRequestFilter.java:119)
	at org.eclipse.jetty.servlet.ServletHandler$CachedChain.doFilter(ServletHandler.java:1638)
	at org.springframework.boot.actuate.metrics.web.servlet.WebMvcMetricsFilter.doFilterInternal(WebMvcMetricsFilter.java:93)
	at org.springframework.web.filter.OncePerRequestFilter.doFilter(OncePerRequestFilter.java:119)
	at org.eclipse.jetty.servlet.ServletHandler$CachedChain.doFilter(ServletHandler.java:1638)
	at org.springframework.web.filter.CharacterEncodingFilter.doFilterInternal(CharacterEncodingFilter.java:201)
	at org.springframework.web.filter.OncePerRequestFilter.doFilter(OncePerRequestFilter.java:119)
	at org.eclipse.jetty.servlet.ServletHandler$CachedChain.doFilter(ServletHandler.java:1638)
	at org.eclipse.jetty.servlet.ServletHandler.doHandle(ServletHandler.java:567)
	at org.eclipse.jetty.server.handler.ScopedHandler.handle(ScopedHandler.java:143)
	at org.eclipse.jetty.security.SecurityHandler.handle(SecurityHandler.java:602)
	at org.eclipse.jetty.server.handler.HandlerWrapper.handle(HandlerWrapper.java:127)
	at org.eclipse.jetty.server.handler.ScopedHandler.nextHandle(ScopedHandler.java:235)
	at org.eclipse.jetty.server.session.SessionHandler.doHandle(SessionHandler.java:1610)
	at org.eclipse.jetty.server.handler.ScopedHandler.nextHandle(ScopedHandler.java:233)
	at org.eclipse.jetty.server.handler.ContextHandler.doHandle(ContextHandler.java:1377)
	at org.eclipse.jetty.server.handler.ScopedHandler.nextScope(ScopedHandler.java:188)
	at org.eclipse.jetty.servlet.ServletHandler.doScope(ServletHandler.java:507)
	at org.eclipse.jetty.server.session.SessionHandler.doScope(SessionHandler.java:1580)
	at org.eclipse.jetty.server.handler.ScopedHandler.nextScope(ScopedHandler.java:186)
	at org.eclipse.jetty.server.handler.ContextHandler.doScope(ContextHandler.java:1292)
	at org.eclipse.jetty.server.handler.ScopedHandler.handle(ScopedHandler.java:141)
	at org.eclipse.jetty.server.handler.gzip.GzipHandler.handle(GzipHandler.java:767)
	at org.eclipse.jetty.server.handler.HandlerWrapper.handle(HandlerWrapper.java:127)
	at org.eclipse.jetty.server.Server.handle(Server.java:501)
	at org.eclipse.jetty.server.HttpChannel.lambda$handle$1(HttpChannel.java:383)
	at org.eclipse.jetty.server.HttpChannel.dispatch(HttpChannel.java:556)
	at org.eclipse.jetty.server.HttpChannel.handle(HttpChannel.java:375)
	at org.eclipse.jetty.server.HttpConnection.onFillable(HttpConnection.java:273)
	at org.eclipse.jetty.io.AbstractConnection$ReadCallback.succeeded(AbstractConnection.java:311)
	at org.eclipse.jetty.io.FillInterest.fillable(FillInterest.java:105)
	at org.eclipse.jetty.io.ChannelEndPoint$1.run(ChannelEndPoint.java:104)
	at org.eclipse.jetty.util.thread.strategy.EatWhatYouKill.runTask(EatWhatYouKill.java:336)
	at org.eclipse.jetty.util.thread.strategy.EatWhatYouKill.doProduce(EatWhatYouKill.java:313)
	at org.eclipse.jetty.util.thread.strategy.EatWhatYouKill.tryProduce(EatWhatYouKill.java:171)
	at org.eclipse.jetty.util.thread.strategy.EatWhatYouKill.run(EatWhatYouKill.java:129)
	at org.eclipse.jetty.util.thread.ReservedThreadExecutor$ReservedThread.run(ReservedThreadExecutor.java:375)
	at org.eclipse.jetty.util.thread.QueuedThreadPool.runJob(QueuedThreadPool.java:806)
	at org.eclipse.jetty.util.thread.QueuedThreadPool$Runner.run(QueuedThreadPool.java:938)
	at java.base/java.lang.Thread.run(Thread.java:834)
Caused by: javax.jcr.PathNotFoundException: Node with path /content/index.explorer.html does not exist.
	at org.apache.jackrabbit.oak.jcr.session.SessionImpl.getNode(SessionImpl.java:306)
	at com.familydam.repository.api.content.Content.listPath(Content.java:77)
	at java.base/jdk.internal.reflect.NativeMethodAccessorImpl.invoke0(Native Method)
	at java.base/jdk.internal.reflect.NativeMethodAccessorImpl.invoke(NativeMethodAccessorImpl.java:62)
	at java.base/jdk.internal.reflect.DelegatingMethodAccessorImpl.invoke(DelegatingMethodAccessorImpl.java:43)
	at java.base/java.lang.reflect.Method.invoke(Method.java:566)
	at org.springframework.web.method.support.InvocableHandlerMethod.doInvoke(InvocableHandlerMethod.java:190)
	at org.springframework.web.method.support.InvocableHandlerMethod.invokeForRequest(InvocableHandlerMethod.java:138)
	at org.springframework.web.servlet.mvc.method.annotation.ServletInvocableHandlerMethod.invokeAndHandle(ServletInvocableHandlerMethod.java:105)
	at org.springframework.web.servlet.mvc.method.annotation.RequestMappingHandlerAdapter.invokeHandlerMethod(RequestMappingHandlerAdapter.java:878)
	at org.springframework.web.servlet.mvc.method.annotation.RequestMappingHandlerAdapter.handleInternal(RequestMappingHandlerAdapter.java:792)
	at org.springframework.web.servlet.mvc.method.AbstractHandlerMethodAdapter.handle(AbstractHandlerMethodAdapter.java:87)
	at org.springframework.web.servlet.DispatcherServlet.doDispatch(DispatcherServlet.java:1040)
	at org.springframework.web.servlet.DispatcherServlet.doService(DispatcherServlet.java:943)
	at org.springframework.web.servlet.FrameworkServlet.processRequest(FrameworkServlet.java:1006)
	... 92 common frames omitted
2021-01-05 01:04:55,452 WARN org.eclipse.jetty.server.HttpChannel [qtp530528285-19] /service-worker.js
java.lang.NullPointerException: null
	at com.familydam.repository.filters.SystemAccountFilter.doFilter(SystemAccountFilter.java:32)
	at org.eclipse.jetty.servlet.ServletHandler$CachedChain.doFilter(ServletHandler.java:1638)
	at org.springframework.security.web.FilterChainProxy$VirtualFilterChain.doFilter(FilterChainProxy.java:320)
	at org.springframework.security.web.access.intercept.FilterSecurityInterceptor.invoke(FilterSecurityInterceptor.java:126)
	at org.springframework.security.web.access.intercept.FilterSecurityInterceptor.doFilter(FilterSecurityInterceptor.java:90)
	at org.springframework.security.web.FilterChainProxy$VirtualFilterChain.doFilter(FilterChainProxy.java:334)
	at org.springframework.security.web.access.ExceptionTranslationFilter.doFilter(ExceptionTranslationFilter.java:118)
	at org.springframework.security.web.FilterChainProxy$VirtualFilterChain.doFilter(FilterChainProxy.java:334)
	at org.springframework.security.web.session.SessionManagementFilter.doFilter(SessionManagementFilter.java:137)
	at org.springframework.security.web.FilterChainProxy$VirtualFilterChain.doFilter(FilterChainProxy.java:334)
	at org.springframework.security.web.authentication.AnonymousAuthenticationFilter.doFilter(AnonymousAuthenticationFilter.java:111)
	at org.springframework.security.web.FilterChainProxy$VirtualFilterChain.doFilter(FilterChainProxy.java:334)
	at org.springframework.security.web.servletapi.SecurityContextHolderAwareRequestFilter.doFilter(SecurityContextHolderAwareRequestFilter.java:158)
	at org.springframework.security.web.FilterChainProxy$VirtualFilterChain.doFilter(FilterChainProxy.java:334)
	at org.springframework.security.web.savedrequest.RequestCacheAwareFilter.doFilter(RequestCacheAwareFilter.java:63)
	at org.springframework.security.web.FilterChainProxy$VirtualFilterChain.doFilter(FilterChainProxy.java:334)
	at org.springframework.security.web.authentication.www.BasicAuthenticationFilter.doFilterInternal(BasicAuthenticationFilter.java:155)
	at org.springframework.web.filter.OncePerRequestFilter.doFilter(OncePerRequestFilter.java:119)
	at org.springframework.security.web.FilterChainProxy$VirtualFilterChain.doFilter(FilterChainProxy.java:334)
	at org.springframework.security.web.authentication.AbstractAuthenticationProcessingFilter.doFilter(AbstractAuthenticationProcessingFilter.java:200)
	at org.springframework.security.web.FilterChainProxy$VirtualFilterChain.doFilter(FilterChainProxy.java:334)
	at org.springframework.security.web.authentication.logout.LogoutFilter.doFilter(LogoutFilter.java:116)
	at org.springframework.security.web.FilterChainProxy$VirtualFilterChain.doFilter(FilterChainProxy.java:334)
	at org.springframework.web.filter.CorsFilter.doFilterInternal(CorsFilter.java:92)
	at org.springframework.web.filter.OncePerRequestFilter.doFilter(OncePerRequestFilter.java:119)
	at org.springframework.security.web.FilterChainProxy$VirtualFilterChain.doFilter(FilterChainProxy.java:334)
	at org.springframework.security.web.header.HeaderWriterFilter.doHeadersAfter(HeaderWriterFilter.java:92)
	at org.springframework.security.web.header.HeaderWriterFilter.doFilterInternal(HeaderWriterFilter.java:77)
	at org.springframework.web.filter.OncePerRequestFilter.doFilter(OncePerRequestFilter.java:119)
	at org.springframework.security.web.FilterChainProxy$VirtualFilterChain.doFilter(FilterChainProxy.java:334)
	at org.springframework.security.web.context.SecurityContextPersistenceFilter.doFilter(SecurityContextPersistenceFilter.java:105)
	at org.springframework.security.web.FilterChainProxy$VirtualFilterChain.doFilter(FilterChainProxy.java:334)
	at org.springframework.security.web.context.request.async.WebAsyncManagerIntegrationFilter.doFilterInternal(WebAsyncManagerIntegrationFilter.java:56)
	at org.springframework.web.filter.OncePerRequestFilter.doFilter(OncePerRequestFilter.java:119)
	at org.springframework.security.web.FilterChainProxy$VirtualFilterChain.doFilter(FilterChainProxy.java:334)
	at org.springframework.security.web.FilterChainProxy.doFilterInternal(FilterChainProxy.java:215)
	at org.springframework.security.web.FilterChainProxy.doFilter(FilterChainProxy.java:178)
	at org.springframework.web.filter.DelegatingFilterProxy.invokeDelegate(DelegatingFilterProxy.java:358)
	at org.springframework.web.filter.DelegatingFilterProxy.doFilter(DelegatingFilterProxy.java:271)
	at org.eclipse.jetty.servlet.ServletHandler$CachedChain.doFilter(ServletHandler.java:1638)
	at org.springframework.web.filter.RequestContextFilter.doFilterInternal(RequestContextFilter.java:100)
	at org.springframework.web.filter.OncePerRequestFilter.doFilter(OncePerRequestFilter.java:119)
	at org.eclipse.jetty.servlet.ServletHandler$CachedChain.doFilter(ServletHandler.java:1638)
	at org.springframework.web.filter.FormContentFilter.doFilterInternal(FormContentFilter.java:93)
	at org.springframework.web.filter.OncePerRequestFilter.doFilter(OncePerRequestFilter.java:119)
	at org.eclipse.jetty.servlet.ServletHandler$CachedChain.doFilter(ServletHandler.java:1638)
	at org.springframework.boot.actuate.metrics.web.servlet.WebMvcMetricsFilter.doFilterInternal(WebMvcMetricsFilter.java:93)
	at org.springframework.web.filter.OncePerRequestFilter.doFilter(OncePerRequestFilter.java:119)
	at org.eclipse.jetty.servlet.ServletHandler$CachedChain.doFilter(ServletHandler.java:1638)
	at org.springframework.web.filter.CharacterEncodingFilter.doFilterInternal(CharacterEncodingFilter.java:201)
	at org.springframework.web.filter.OncePerRequestFilter.doFilter(OncePerRequestFilter.java:119)
	at org.eclipse.jetty.servlet.ServletHandler$CachedChain.doFilter(ServletHandler.java:1638)
	at org.eclipse.jetty.servlet.ServletHandler.doHandle(ServletHandler.java:567)
	at org.eclipse.jetty.server.handler.ScopedHandler.handle(ScopedHandler.java:143)
	at org.eclipse.jetty.security.SecurityHandler.handle(SecurityHandler.java:602)
	at org.eclipse.jetty.server.handler.HandlerWrapper.handle(HandlerWrapper.java:127)
	at org.eclipse.jetty.server.handler.ScopedHandler.nextHandle(ScopedHandler.java:235)
	at org.eclipse.jetty.server.session.SessionHandler.doHandle(SessionHandler.java:1610)
	at org.eclipse.jetty.server.handler.ScopedHandler.nextHandle(ScopedHandler.java:233)
	at org.eclipse.jetty.server.handler.ContextHandler.doHandle(ContextHandler.java:1377)
	at org.eclipse.jetty.server.handler.ScopedHandler.nextScope(ScopedHandler.java:188)
	at org.eclipse.jetty.servlet.ServletHandler.doScope(ServletHandler.java:507)
	at org.eclipse.jetty.server.session.SessionHandler.doScope(SessionHandler.java:1580)
	at org.eclipse.jetty.server.handler.ScopedHandler.nextScope(ScopedHandler.java:186)
	at org.eclipse.jetty.server.handler.ContextHandler.doScope(ContextHandler.java:1292)
	at org.eclipse.jetty.server.handler.ScopedHandler.handle(ScopedHandler.java:141)
	at org.eclipse.jetty.server.handler.gzip.GzipHandler.handle(GzipHandler.java:767)
	at org.eclipse.jetty.server.handler.HandlerWrapper.handle(HandlerWrapper.java:127)
	at org.eclipse.jetty.server.Server.handle(Server.java:501)
	at org.eclipse.jetty.server.HttpChannel.lambda$handle$1(HttpChannel.java:383)
	at org.eclipse.jetty.server.HttpChannel.dispatch(HttpChannel.java:556)
	at org.eclipse.jetty.server.HttpChannel.handle(HttpChannel.java:375)
	at org.eclipse.jetty.server.HttpConnection.onFillable(HttpConnection.java:273)
	at org.eclipse.jetty.io.AbstractConnection$ReadCallback.succeeded(AbstractConnection.java:311)
	at org.eclipse.jetty.io.FillInterest.fillable(FillInterest.java:105)
	at org.eclipse.jetty.io.ChannelEndPoint$1.run(ChannelEndPoint.java:104)
	at org.eclipse.jetty.util.thread.strategy.EatWhatYouKill.runTask(EatWhatYouKill.java:336)
	at org.eclipse.jetty.util.thread.strategy.EatWhatYouKill.doProduce(EatWhatYouKill.java:313)
	at org.eclipse.jetty.util.thread.strategy.EatWhatYouKill.tryProduce(EatWhatYouKill.java:171)
	at org.eclipse.jetty.util.thread.strategy.EatWhatYouKill.run(EatWhatYouKill.java:129)
	at org.eclipse.jetty.util.thread.ReservedThreadExecutor$ReservedThread.run(ReservedThreadExecutor.java:375)
	at org.eclipse.jetty.util.thread.QueuedThreadPool.runJob(QueuedThreadPool.java:806)
	at org.eclipse.jetty.util.thread.QueuedThreadPool$Runner.run(QueuedThreadPool.java:938)
	at java.base/java.lang.Thread.run(Thread.java:834)
2021-01-05 01:04:55,478 WARN org.eclipse.jetty.server.HttpChannel [qtp530528285-74] /api/v1/auth/users
java.lang.NullPointerException: null
	at com.familydam.repository.filters.SystemAccountFilter.doFilter(SystemAccountFilter.java:32)
	at org.eclipse.jetty.servlet.ServletHandler$CachedChain.doFilter(ServletHandler.java:1638)
	at org.springframework.security.web.FilterChainProxy$VirtualFilterChain.doFilter(FilterChainProxy.java:320)
	at org.springframework.security.web.access.intercept.FilterSecurityInterceptor.invoke(FilterSecurityInterceptor.java:126)
	at org.springframework.security.web.access.intercept.FilterSecurityInterceptor.doFilter(FilterSecurityInterceptor.java:90)
	at org.springframework.security.web.FilterChainProxy$VirtualFilterChain.doFilter(FilterChainProxy.java:334)
	at org.springframework.security.web.access.ExceptionTranslationFilter.doFilter(ExceptionTranslationFilter.java:118)
	at org.springframework.security.web.FilterChainProxy$VirtualFilterChain.doFilter(FilterChainProxy.java:334)
	at org.springframework.security.web.session.SessionManagementFilter.doFilter(SessionManagementFilter.java:137)
	at org.springframework.security.web.FilterChainProxy$VirtualFilterChain.doFilter(FilterChainProxy.java:334)
	at org.springframework.security.web.authentication.AnonymousAuthenticationFilter.doFilter(AnonymousAuthenticationFilter.java:111)
	at org.springframework.security.web.FilterChainProxy$VirtualFilterChain.doFilter(FilterChainProxy.java:334)
	at org.springframework.security.web.servletapi.SecurityContextHolderAwareRequestFilter.doFilter(SecurityContextHolderAwareRequestFilter.java:158)
	at org.springframework.security.web.FilterChainProxy$VirtualFilterChain.doFilter(FilterChainProxy.java:334)
	at org.springframework.security.web.savedrequest.RequestCacheAwareFilter.doFilter(RequestCacheAwareFilter.java:63)
	at org.springframework.security.web.FilterChainProxy$VirtualFilterChain.doFilter(FilterChainProxy.java:334)
	at org.springframework.security.web.authentication.www.BasicAuthenticationFilter.doFilterInternal(BasicAuthenticationFilter.java:155)
	at org.springframework.web.filter.OncePerRequestFilter.doFilter(OncePerRequestFilter.java:119)
	at org.springframework.security.web.FilterChainProxy$VirtualFilterChain.doFilter(FilterChainProxy.java:334)
	at org.springframework.security.web.authentication.AbstractAuthenticationProcessingFilter.doFilter(AbstractAuthenticationProcessingFilter.java:200)
	at org.springframework.security.web.FilterChainProxy$VirtualFilterChain.doFilter(FilterChainProxy.java:334)
	at org.springframework.security.web.authentication.logout.LogoutFilter.doFilter(LogoutFilter.java:116)
	at org.springframework.security.web.FilterChainProxy$VirtualFilterChain.doFilter(FilterChainProxy.java:334)
	at org.springframework.web.filter.CorsFilter.doFilterInternal(CorsFilter.java:92)
	at org.springframework.web.filter.OncePerRequestFilter.doFilter(OncePerRequestFilter.java:119)
	at org.springframework.security.web.FilterChainProxy$VirtualFilterChain.doFilter(FilterChainProxy.java:334)
	at org.springframework.security.web.header.HeaderWriterFilter.doHeadersAfter(HeaderWriterFilter.java:92)
	at org.springframework.security.web.header.HeaderWriterFilter.doFilterInternal(HeaderWriterFilter.java:77)
	at org.springframework.web.filter.OncePerRequestFilter.doFilter(OncePerRequestFilter.java:119)
	at org.springframework.security.web.FilterChainProxy$VirtualFilterChain.doFilter(FilterChainProxy.java:334)
	at org.springframework.security.web.context.SecurityContextPersistenceFilter.doFilter(SecurityContextPersistenceFilter.java:105)
	at org.springframework.security.web.FilterChainProxy$VirtualFilterChain.doFilter(FilterChainProxy.java:334)
	at org.springframework.security.web.context.request.async.WebAsyncManagerIntegrationFilter.doFilterInternal(WebAsyncManagerIntegrationFilter.java:56)
	at org.springframework.web.filter.OncePerRequestFilter.doFilter(OncePerRequestFilter.java:119)
	at org.springframework.security.web.FilterChainProxy$VirtualFilterChain.doFilter(FilterChainProxy.java:334)
	at org.springframework.security.web.FilterChainProxy.doFilterInternal(FilterChainProxy.java:215)
	at org.springframework.security.web.FilterChainProxy.doFilter(FilterChainProxy.java:178)
	at org.springframework.web.filter.DelegatingFilterProxy.invokeDelegate(DelegatingFilterProxy.java:358)
	at org.springframework.web.filter.DelegatingFilterProxy.doFilter(DelegatingFilterProxy.java:271)
	at org.eclipse.jetty.servlet.ServletHandler$CachedChain.doFilter(ServletHandler.java:1638)
	at org.springframework.web.filter.RequestContextFilter.doFilterInternal(RequestContextFilter.java:100)
	at org.springframework.web.filter.OncePerRequestFilter.doFilter(OncePerRequestFilter.java:119)
	at org.eclipse.jetty.servlet.ServletHandler$CachedChain.doFilter(ServletHandler.java:1638)
	at org.springframework.web.filter.FormContentFilter.doFilterInternal(FormContentFilter.java:93)
	at org.springframework.web.filter.OncePerRequestFilter.doFilter(OncePerRequestFilter.java:119)
	at org.eclipse.jetty.servlet.ServletHandler$CachedChain.doFilter(ServletHandler.java:1638)
	at org.springframework.boot.actuate.metrics.web.servlet.WebMvcMetricsFilter.doFilterInternal(WebMvcMetricsFilter.java:93)
	at org.springframework.web.filter.OncePerRequestFilter.doFilter(OncePerRequestFilter.java:119)
	at org.eclipse.jetty.servlet.ServletHandler$CachedChain.doFilter(ServletHandler.java:1638)
	at org.springframework.web.filter.CharacterEncodingFilter.doFilterInternal(CharacterEncodingFilter.java:201)
	at org.springframework.web.filter.OncePerRequestFilter.doFilter(OncePerRequestFilter.java:119)
	at org.eclipse.jetty.servlet.ServletHandler$CachedChain.doFilter(ServletHandler.java:1638)
	at org.eclipse.jetty.servlet.ServletHandler.doHandle(ServletHandler.java:567)
	at org.eclipse.jetty.server.handler.ScopedHandler.handle(ScopedHandler.java:143)
	at org.eclipse.jetty.security.SecurityHandler.handle(SecurityHandler.java:602)
	at org.eclipse.jetty.server.handler.HandlerWrapper.handle(HandlerWrapper.java:127)
	at org.eclipse.jetty.server.handler.ScopedHandler.nextHandle(ScopedHandler.java:235)
	at org.eclipse.jetty.server.session.SessionHandler.doHandle(SessionHandler.java:1610)
	at org.eclipse.jetty.server.handler.ScopedHandler.nextHandle(ScopedHandler.java:233)
	at org.eclipse.jetty.server.handler.ContextHandler.doHandle(ContextHandler.java:1377)
	at org.eclipse.jetty.server.handler.ScopedHandler.nextScope(ScopedHandler.java:188)
	at org.eclipse.jetty.servlet.ServletHandler.doScope(ServletHandler.java:507)
	at org.eclipse.jetty.server.session.SessionHandler.doScope(SessionHandler.java:1580)
	at org.eclipse.jetty.server.handler.ScopedHandler.nextScope(ScopedHandler.java:186)
	at org.eclipse.jetty.server.handler.ContextHandler.doScope(ContextHandler.java:1292)
	at org.eclipse.jetty.server.handler.ScopedHandler.handle(ScopedHandler.java:141)
	at org.eclipse.jetty.server.handler.gzip.GzipHandler.handle(GzipHandler.java:767)
	at org.eclipse.jetty.server.handler.HandlerWrapper.handle(HandlerWrapper.java:127)
	at org.eclipse.jetty.server.Server.handle(Server.java:501)
	at org.eclipse.jetty.server.HttpChannel.lambda$handle$1(HttpChannel.java:383)
	at org.eclipse.jetty.server.HttpChannel.dispatch(HttpChannel.java:556)
	at org.eclipse.jetty.server.HttpChannel.handle(HttpChannel.java:375)
	at org.eclipse.jetty.server.HttpConnection.onFillable(HttpConnection.java:273)
	at org.eclipse.jetty.io.AbstractConnection$ReadCallback.succeeded(AbstractConnection.java:311)
	at org.eclipse.jetty.io.FillInterest.fillable(FillInterest.java:105)
	at org.eclipse.jetty.io.ChannelEndPoint$1.run(ChannelEndPoint.java:104)
	at org.eclipse.jetty.util.thread.strategy.EatWhatYouKill.runTask(EatWhatYouKill.java:336)
	at org.eclipse.jetty.util.thread.strategy.EatWhatYouKill.doProduce(EatWhatYouKill.java:313)
	at org.eclipse.jetty.util.thread.strategy.EatWhatYouKill.tryProduce(EatWhatYouKill.java:171)
	at org.eclipse.jetty.util.thread.strategy.EatWhatYouKill.run(EatWhatYouKill.java:129)
	at org.eclipse.jetty.util.thread.ReservedThreadExecutor$ReservedThread.run(ReservedThreadExecutor.java:375)
	at org.eclipse.jetty.util.thread.QueuedThreadPool.runJob(QueuedThreadPool.java:806)
	at org.eclipse.jetty.util.thread.QueuedThreadPool$Runner.run(QueuedThreadPool.java:938)
	at java.base/java.lang.Thread.run(Thread.java:834)
