2019-12-14 16:51:14,177 INFO org.springframework.boot.StartupInfoLogger [main] Starting RepositoryApplication on mikenimer-macbookpro.roam.corp.google.com with PID 96406 (/Users/mikenimer/Development/github/FamilyDAM/repository/target/classes started by mikenimer in /Users/mikenimer/Development/github/FamilyDAM)
2019-12-14 16:51:14,183 DEBUG org.springframework.boot.StartupInfoLogger [main] Running with Spring Boot v2.1.6.RELEASE, Spring v5.1.8.RELEASE
2019-12-14 16:51:14,183 INFO org.springframework.boot.SpringApplication [main] The following profiles are active: local
2019-12-14 16:51:17,574 WARN io.undertow.websockets.jsr.Bootstrap [main] UT026010: Buffer pool was not set on WebSocketDeploymentInfo, the default pool will be used
2019-12-14 16:51:17,619 INFO io.undertow.servlet.spec.ServletContextImpl [main] Initializing Spring embedded WebApplicationContext
2019-12-14 16:51:18,578 WARN com.familydam.repository.config.AdminUserConfig [main] Unable to access or initialize Keyring on this OS, using unsecure u/p instead
2019-12-14 16:54:40,602 INFO com.familydam.repository.config.RepositoryConfig [main] Initialize Home Dir = /Users/mikenimer/Development/github/FamilyDAM/./family-repo-jre8
2019-12-14 16:54:41,727 WARN org.apache.jackrabbit.oak.plugins.name.NameValidator [main] Invalid namespace prefix([, sv, nt, xml, jcr, oak, rep, mix]): dam
2019-12-14 16:55:26,934 INFO org.springframework.boot.StartupInfoLogger [main] Starting RepositoryApplication on mikenimer-macbookpro.roam.corp.google.com with PID 96762 (/Users/mikenimer/Development/github/FamilyDAM/repository/target/classes started by mikenimer in /Users/mikenimer/Development/github/FamilyDAM)
2019-12-14 16:55:26,938 DEBUG org.springframework.boot.StartupInfoLogger [main] Running with Spring Boot v2.1.6.RELEASE, Spring v5.1.8.RELEASE
2019-12-14 16:55:26,939 INFO org.springframework.boot.SpringApplication [main] The following profiles are active: local
2019-12-14 16:55:31,005 WARN io.undertow.websockets.jsr.Bootstrap [main] UT026010: Buffer pool was not set on WebSocketDeploymentInfo, the default pool will be used
2019-12-14 16:55:31,039 INFO io.undertow.servlet.spec.ServletContextImpl [main] Initializing Spring embedded WebApplicationContext
2019-12-14 16:55:55,780 WARN com.familydam.repository.config.AdminUserConfig [main] Unable to access or initialize Keyring on this OS, using unsecure u/p instead
2019-12-14 16:55:55,870 INFO com.familydam.repository.config.RepositoryConfig [main] Initialize Home Dir = /Users/mikenimer/Development/github/FamilyDAM/./family-repo-jre8
2019-12-14 16:57:10,304 INFO org.springframework.boot.StartupInfoLogger [main] Starting RepositoryApplication on mikenimer-macbookpro.roam.corp.google.com with PID 97208 (/Users/mikenimer/Development/github/FamilyDAM/repository/target/classes started by mikenimer in /Users/mikenimer/Development/github/FamilyDAM)
2019-12-14 16:57:10,311 DEBUG org.springframework.boot.StartupInfoLogger [main] Running with Spring Boot v2.1.6.RELEASE, Spring v5.1.8.RELEASE
2019-12-14 16:57:10,311 INFO org.springframework.boot.SpringApplication [main] The following profiles are active: local
2019-12-14 16:57:14,281 WARN io.undertow.websockets.jsr.Bootstrap [main] UT026010: Buffer pool was not set on WebSocketDeploymentInfo, the default pool will be used
2019-12-14 16:57:14,312 INFO io.undertow.servlet.spec.ServletContextImpl [main] Initializing Spring embedded WebApplicationContext
2019-12-14 16:58:28,268 INFO com.familydam.repository.config.RepositoryConfig [main] Initialize Home Dir = /Users/mikenimer/Development/github/FamilyDAM/./family-repo-jre8
2019-12-14 16:58:28,557 WARN org.apache.jackrabbit.oak.segment.file.tar.SegmentTarReader [main] Unable to load index of file data00000a.tar: Unrecognized magic number
2019-12-14 16:58:28,558 WARN org.apache.jackrabbit.oak.segment.file.tar.TarReader [main] Could not find a valid tar index in [data00000a.tar], recovering...
2019-12-14 16:58:41,036 INFO org.springframework.boot.autoconfigure.web.servlet.WelcomePageHandlerMapping [main] Adding welcome page: class path resource [static/index.html]
2019-12-14 16:58:41,110 INFO org.springframework.boot.actuate.endpoint.web.EndpointLinksResolver [main] Exposing 2 endpoint(s) beneath base path '/actuator'
2019-12-14 16:58:41,146 INFO org.springframework.security.web.DefaultSecurityFilterChain [main] Creating filter chain: any request, [org.springframework.security.web.context.request.async.WebAsyncManagerIntegrationFilter@2faf6e4a, org.springframework.security.web.context.SecurityContextPersistenceFilter@797f97e3, org.springframework.security.web.header.HeaderWriterFilter@abc7005, org.springframework.web.filter.CorsFilter@43ab0659, org.springframework.security.web.authentication.logout.LogoutFilter@54e0f76f, org.springframework.security.web.authentication.UsernamePasswordAuthenticationFilter@62ab5e63, org.springframework.security.web.authentication.www.BasicAuthenticationFilter@15371de2, org.springframework.security.web.savedrequest.RequestCacheAwareFilter@77cd235b, org.springframework.security.web.servletapi.SecurityContextHolderAwareRequestFilter@25d0b918, org.springframework.security.web.authentication.AnonymousAuthenticationFilter@644947ee, org.springframework.security.web.session.SessionManagementFilter@63c84d31, org.springframework.security.web.access.ExceptionTranslationFilter@69ba72da, org.springframework.security.web.access.intercept.FilterSecurityInterceptor@516c20de]
2019-12-14 16:58:43,354 INFO org.springframework.boot.web.embedded.undertow.UndertowServletWebServer [main] Undertow started on port(s) 9000 (http) with context path ''
2019-12-14 16:58:43,360 INFO org.springframework.boot.StartupInfoLogger [main] Started RepositoryApplication in 94.622 seconds (JVM running for 96.292)
2019-12-14 16:58:43,475 INFO io.undertow.servlet.spec.ServletContextImpl [XNIO-1 task-1] Initializing Spring DispatcherServlet 'dispatcherServlet'
2019-12-14 16:59:35,163 INFO io.undertow.servlet.spec.ServletContextImpl [Thread-2] Destroying Spring FrameworkServlet 'dispatcherServlet'
2019-12-14 16:59:37,862 INFO org.springframework.boot.StartupInfoLogger [main] Starting RepositoryApplication on mikenimer-macbookpro.roam.corp.google.com with PID 97334 (/Users/mikenimer/Development/github/FamilyDAM/repository/target/classes started by mikenimer in /Users/mikenimer/Development/github/FamilyDAM)
2019-12-14 16:59:37,867 DEBUG org.springframework.boot.StartupInfoLogger [main] Running with Spring Boot v2.1.6.RELEASE, Spring v5.1.8.RELEASE
2019-12-14 16:59:37,867 INFO org.springframework.boot.SpringApplication [main] The following profiles are active: local
2019-12-14 16:59:41,193 WARN io.undertow.websockets.jsr.Bootstrap [main] UT026010: Buffer pool was not set on WebSocketDeploymentInfo, the default pool will be used
2019-12-14 16:59:41,235 INFO io.undertow.servlet.spec.ServletContextImpl [main] Initializing Spring embedded WebApplicationContext
2019-12-14 17:00:26,127 INFO com.familydam.repository.config.RepositoryConfig [main] Initialize Home Dir = /Users/mikenimer/Development/github/FamilyDAM/./family-repo-jre8
2019-12-14 17:00:28,136 INFO org.springframework.boot.autoconfigure.web.servlet.WelcomePageHandlerMapping [main] Adding welcome page: class path resource [static/index.html]
2019-12-14 17:00:28,241 INFO org.springframework.boot.actuate.endpoint.web.EndpointLinksResolver [main] Exposing 2 endpoint(s) beneath base path '/actuator'
2019-12-14 17:00:28,303 INFO org.springframework.security.web.DefaultSecurityFilterChain [main] Creating filter chain: any request, [org.springframework.security.web.context.request.async.WebAsyncManagerIntegrationFilter@75a9cc24, org.springframework.security.web.context.SecurityContextPersistenceFilter@39e3ea78, org.springframework.security.web.header.HeaderWriterFilter@7db162f2, org.springframework.web.filter.CorsFilter@4449a60b, org.springframework.security.web.authentication.logout.LogoutFilter@a120b9, org.springframework.security.web.authentication.UsernamePasswordAuthenticationFilter@68d8ae27, org.springframework.security.web.authentication.www.BasicAuthenticationFilter@1a3b1f7e, org.springframework.security.web.savedrequest.RequestCacheAwareFilter@35e689a0, org.springframework.security.web.servletapi.SecurityContextHolderAwareRequestFilter@6dcbbb49, org.springframework.security.web.authentication.AnonymousAuthenticationFilter@da5d5e1, org.springframework.security.web.session.SessionManagementFilter@64f3991e, org.springframework.security.web.access.ExceptionTranslationFilter@21a5b599, org.springframework.security.web.access.intercept.FilterSecurityInterceptor@75c33608]
2019-12-14 17:00:32,577 INFO org.springframework.boot.web.embedded.undertow.UndertowServletWebServer [main] Undertow started on port(s) 9000 (http) with context path ''
2019-12-14 17:00:32,587 INFO org.springframework.boot.StartupInfoLogger [main] Started RepositoryApplication in 55.702 seconds (JVM running for 56.532)
2019-12-14 17:00:32,681 INFO io.undertow.servlet.spec.ServletContextImpl [XNIO-1 task-1] Initializing Spring DispatcherServlet 'dispatcherServlet'
2019-12-14 17:02:08,813 INFO com.familydam.repository.services.fs.FsNewFileService [XNIO-1 task-58] File Created: /content/files/mike/Music/_audiobooks/.DS_Store | thread=124
2019-12-14 17:02:08,917 INFO com.familydam.repository.services.fs.FsNewFileService [XNIO-1 task-57] File Created: /content/files/mike/Music/_audiobooks/playlist.m3u | thread=123
2019-12-14 17:02:11,271 INFO com.familydam.repository.services.fs.FsNewFileService [XNIO-1 task-61] File Created: /content/files/mike/Music/_blues/.DS_Store | thread=133
2019-12-14 17:02:11,353 INFO com.familydam.repository.services.fs.FsNewFileService [XNIO-1 task-62] File Created: /content/files/mike/Music/_blues/playlist.m3u | thread=134
2019-12-14 17:02:14,246 INFO com.familydam.repository.services.fs.FsNewFileService [XNIO-1 task-2] File Created: /content/files/mike/Music/_celtic/.DS_Store | thread=62
2019-12-14 17:02:14,283 INFO com.familydam.repository.services.fs.FsNewFileService [XNIO-1 task-1] File Created: /content/files/mike/Music/_celtic/playlist.m3u | thread=61
2019-12-14 17:02:15,601 INFO com.familydam.repository.services.fs.FsNewFileService [XNIO-1 task-5] File Created: /content/files/mike/Music/_children/.DS_Store | thread=67
2019-12-14 17:02:17,553 INFO com.familydam.repository.services.fs.FsNewFileService [XNIO-1 task-8] File Created: /content/files/mike/Music/_classical/.DS_Store | thread=70
2019-12-14 17:02:17,611 INFO com.familydam.repository.services.fs.FsNewFileService [XNIO-1 task-6] File Created: /content/files/mike/Music/_classical/playlist.m3u | thread=68
2019-12-14 17:02:25,556 INFO com.familydam.repository.services.fs.FsNewFileService [XNIO-1 task-12] File Created: /content/files/mike/Music/_classicrock/.DS_Store | thread=74
2019-12-14 17:02:26,062 INFO com.familydam.repository.services.fs.FsNewFileService [XNIO-1 task-11] File Created: /content/files/mike/Music/_classicrock/playlist.m3u | thread=73
2019-12-14 17:02:33,369 INFO com.familydam.repository.services.fs.FsNewFileService [XNIO-1 task-16] File Created: /content/files/mike/Music/_comedy/.DS_Store | thread=78
2019-12-14 17:02:33,484 INFO com.familydam.repository.services.fs.FsNewFileService [XNIO-1 task-18] File Created: /content/files/mike/Music/_comedy/playlist.m3u | thread=84
2019-12-14 17:02:35,739 INFO com.familydam.repository.services.fs.FsNewFileService [XNIO-1 task-15] File Created: /content/files/mike/Music/_country/kenny+chesney+-+no+shoes,+no+shirt,+no+problems.mp3 | thread=77
2019-12-14 17:02:38,318 INFO com.familydam.repository.services.fs.FsNewFileService [XNIO-1 task-24] File Created: /content/files/mike/Music/_country/.DS_Store | thread=90
2019-12-14 17:02:39,458 INFO com.familydam.repository.services.fs.FsNewFileService [XNIO-1 task-20] File Created: /content/files/mike/Music/_country/Joe+Nichols+-+She+Only+Smokes+When+She+Drinks.mp3 | thread=86
2019-12-14 17:02:39,617 INFO com.familydam.repository.services.fs.FsNewFileService [XNIO-1 task-25] File Created: /content/files/mike/Music/_country/playlist.m3u | thread=91
2019-12-14 17:02:39,671 INFO com.familydam.repository.services.fs.FsNewFileService [XNIO-1 task-22] File Created: /content/files/mike/Music/_country/John+Denver+-+Thank+God+I'm+A+Country+Boy.mp3 | thread=88
2019-12-14 17:02:43,595 INFO com.familydam.repository.services.fs.FsNewFileService [XNIO-1 task-28] File Created: /content/files/mike/Music/_country/Bob+and+Tom+-+Toby+Keith+-+I'll+Never+Smoke+Weed+With+Willie+Again+1.mp3 | thread=94
2019-12-14 17:02:43,682 INFO com.familydam.repository.services.fs.FsNewFileService [XNIO-1 task-30] File Created: /content/files/mike/Music/_country/John+Denver+-+Rocky+Mountain+High.mp3 | thread=96
2019-12-14 17:02:45,207 INFO com.familydam.repository.services.fs.FsNewFileService [XNIO-1 task-32] File Created: /content/files/mike/Music/_country/Alan+Jackson+&+Jimmy+Buffett+-+It's+Five+O'clock+Somewhere(1).mp3 | thread=98
